2016-01-27 09:51:14,521 [Worker-13] INFO  o.e.m.c.i.l.LifecycleMappingFactory - Using org.eclipse.m2e.jdt.JarLifecycleMapping lifecycle mapping for MavenProject: neo4j:myNeo4j:0.0.1-SNAPSHOT @ E:\Neo4j_java\myNeo4j\pom.xml.
2016-01-27 09:51:15,663 [Worker-13] INFO  o.e.m.c.i.e.AbstractTransferListenerAdapter - Downloading http://m2.neo4j.org/content/groups/public/org/neo4j/neo4j-kernel/2.0.3/neo4j-kernel-2.0.3.jar
2016-01-27 09:51:31,527 [Worker-13] INFO  o.e.m.c.i.e.AbstractTransferListenerAdapter - Downloaded http://m2.neo4j.org/content/groups/public/org/neo4j/neo4j-kernel/2.0.3/neo4j-kernel-2.0.3.jar
2016-01-27 09:51:31,987 [Worker-13] INFO  o.e.m.c.i.e.AbstractTransferListenerAdapter - Downloading http://m2.neo4j.org/content/groups/public/org/neo4j/neo4j-lucene-index/2.0.3/neo4j-lucene-index-2.0.3.jar
2016-01-27 09:51:33,876 [Worker-13] INFO  o.e.m.c.i.e.AbstractTransferListenerAdapter - Downloaded http://m2.neo4j.org/content/groups/public/org/neo4j/neo4j-lucene-index/2.0.3/neo4j-lucene-index-2.0.3.jar
2016-01-27 09:51:34,323 [Worker-13] INFO  o.e.m.c.i.e.AbstractTransferListenerAdapter - Downloading http://m2.neo4j.org/content/groups/public/org/apache/lucene/lucene-core/3.6.2/lucene-core-3.6.2.jar
2016-01-27 09:52:46,442 [Worker-13] INFO  o.e.m.c.i.e.AbstractTransferListenerAdapter - Downloaded http://m2.neo4j.org/content/groups/public/org/apache/lucene/lucene-core/3.6.2/lucene-core-3.6.2.jar
2016-01-27 09:52:52,436 [Worker-13] INFO  o.e.m.c.i.e.AbstractTransferListenerAdapter - Downloading http://m2.neo4j.org/content/groups/public/org/neo4j/neo4j-graph-algo/2.0.3/neo4j-graph-algo-2.0.3.jar
2016-01-27 09:52:59,727 [Worker-18] INFO  o.e.m.i.launch.MavenLaunchDelegate - E:\Neo4j_java\myNeo4j
2016-01-27 09:52:59,728 [Worker-18] INFO  o.e.m.i.launch.MavenLaunchDelegate -  mvn  -B install
2016-01-27 09:55:05,369 [Worker-13] INFO  o.e.m.c.i.e.AbstractTransferListenerAdapter - Downloaded http://m2.neo4j.org/content/groups/public/org/neo4j/neo4j-graph-algo/2.0.3/neo4j-graph-algo-2.0.3.jar
2016-01-27 09:55:05,825 [Worker-13] INFO  o.e.m.c.i.e.AbstractTransferListenerAdapter - Downloading http://m2.neo4j.org/content/groups/public/org/neo4j/neo4j-udc/2.0.3/neo4j-udc-2.0.3.jar
2016-01-27 09:55:09,322 [Worker-13] INFO  o.e.m.c.i.e.AbstractTransferListenerAdapter - Downloaded http://m2.neo4j.org/content/groups/public/org/neo4j/neo4j-udc/2.0.3/neo4j-udc-2.0.3.jar
2016-01-27 09:55:09,770 [Worker-13] INFO  o.e.m.c.i.e.AbstractTransferListenerAdapter - Downloading http://m2.neo4j.org/content/groups/public/org/neo4j/neo4j-graph-matching/2.0.3/neo4j-graph-matching-2.0.3.jar
2016-01-27 09:55:11,653 [Worker-13] INFO  o.e.m.c.i.e.AbstractTransferListenerAdapter - Downloaded http://m2.neo4j.org/content/groups/public/org/neo4j/neo4j-graph-matching/2.0.3/neo4j-graph-matching-2.0.3.jar
2016-01-27 09:55:12,091 [Worker-13] INFO  o.e.m.c.i.e.AbstractTransferListenerAdapter - Downloading http://m2.neo4j.org/content/groups/public/org/neo4j/neo4j-cypher/2.0.3/neo4j-cypher-2.0.3.jar
2016-01-27 09:55:17,802 [Worker-13] INFO  o.e.m.c.i.e.AbstractTransferListenerAdapter - Downloaded http://m2.neo4j.org/content/groups/public/org/neo4j/neo4j-cypher/2.0.3/neo4j-cypher-2.0.3.jar
2016-01-27 09:55:18,263 [Worker-13] INFO  o.e.m.c.i.e.AbstractTransferListenerAdapter - Downloading http://m2.neo4j.org/content/groups/public/org/neo4j/neo4j-cypher-commons/2.0.3/neo4j-cypher-commons-2.0.3.jar
2016-01-27 09:55:25,858 [Worker-13] INFO  o.e.m.c.i.e.AbstractTransferListenerAdapter - Downloaded http://m2.neo4j.org/content/groups/public/org/neo4j/neo4j-cypher-commons/2.0.3/neo4j-cypher-commons-2.0.3.jar
2016-01-27 09:55:26,321 [Worker-13] INFO  o.e.m.c.i.e.AbstractTransferListenerAdapter - Downloading http://m2.neo4j.org/content/groups/public/org/neo4j/neo4j-cypher-compiler-1.9/2.0.3/neo4j-cypher-compiler-1.9-2.0.3.jar
2016-01-27 09:56:14,452 [Worker-13] INFO  o.e.m.c.i.e.AbstractTransferListenerAdapter - Downloaded http://m2.neo4j.org/content/groups/public/org/neo4j/neo4j-cypher-compiler-1.9/2.0.3/neo4j-cypher-compiler-1.9-2.0.3.jar
2016-01-27 09:56:15,029 [Worker-13] INFO  o.e.m.c.i.e.AbstractTransferListenerAdapter - Downloading http://m2.neo4j.org/content/groups/public/org/neo4j/neo4j-cypher-compiler-2.0/2.0.3/neo4j-cypher-compiler-2.0-2.0.3.jar
2016-01-27 10:03:31,802 [Worker-20] INFO  o.e.m.i.launch.MavenLaunchDelegate - E:\Neo4j_java\myNeo4j
2016-01-27 10:03:31,802 [Worker-20] INFO  o.e.m.i.launch.MavenLaunchDelegate -  mvn  -B install
2016-01-27 10:28:51,098 [Worker-13] INFO  o.e.m.c.i.e.AbstractTransferListenerAdapter - Downloading http://m2.neo4j.org/content/groups/public/org/neo4j/neo4j-cypher-compiler-2.0/2.0.3/neo4j-cypher-compiler-2.0-2.0.3.jar
2016-01-27 10:47:31,446 [Worker-13] INFO  o.e.m.c.i.e.AbstractTransferListenerAdapter - Downloading http://m2.neo4j.org/content/groups/public/org/neo4j/neo4j-cypher-compiler-2.0/2.0.3/neo4j-cypher-compiler-2.0-2.0.3.jar
2016-01-27 10:56:59,297 [Worker-13] INFO  o.e.m.c.i.e.AbstractTransferListenerAdapter - Downloading http://m2.neo4j.org/content/groups/public/org/neo4j/neo4j-cypher-compiler-2.0/2.0.3/neo4j-cypher-compiler-2.0-2.0.3.jar
2016-01-27 11:00:20,681 [Worker-13] INFO  o.e.m.c.i.e.AbstractTransferListenerAdapter - Downloaded http://m2.neo4j.org/content/groups/public/org/neo4j/neo4j-cypher-compiler-2.0/2.0.3/neo4j-cypher-compiler-2.0-2.0.3.jar
2016-01-27 11:00:30,636 [Worker-13] INFO  o.e.m.c.i.e.AbstractTransferListenerAdapter - Downloading http://m2.neo4j.org/content/groups/public/org/parboiled/parboiled-scala_2.10/1.1.6/parboiled-scala_2.10-1.1.6.jar
2016-01-27 11:01:07,857 [Worker-13] INFO  o.e.m.c.i.e.AbstractTransferListenerAdapter - Downloaded http://m2.neo4j.org/content/groups/public/org/parboiled/parboiled-scala_2.10/1.1.6/parboiled-scala_2.10-1.1.6.jar
2016-01-27 11:01:08,343 [Worker-13] INFO  o.e.m.c.i.e.AbstractTransferListenerAdapter - Downloading http://m2.neo4j.org/content/groups/public/org/parboiled/parboiled-core/1.1.6/parboiled-core-1.1.6.jar
2016-01-27 11:32:37,372 [Worker-13] INFO  o.e.m.c.i.e.AbstractTransferListenerAdapter - Downloading http://m2.neo4j.org/content/groups/public/org/parboiled/parboiled-core/1.1.6/parboiled-core-1.1.6.jar
2016-01-27 11:32:42,201 [Worker-13] INFO  o.e.m.c.i.e.AbstractTransferListenerAdapter - Downloaded http://m2.neo4j.org/content/groups/public/org/parboiled/parboiled-core/1.1.6/parboiled-core-1.1.6.jar
2016-01-27 11:32:43,674 [Worker-13] INFO  o.e.m.c.i.e.AbstractTransferListenerAdapter - Downloading http://m2.neo4j.org/content/groups/public/net/sf/opencsv/opencsv/2.0/opencsv-2.0.jar
2016-01-27 11:32:44,436 [Worker-13] INFO  o.e.m.c.i.e.AbstractTransferListenerAdapter - Downloaded http://m2.neo4j.org/content/groups/public/net/sf/opencsv/opencsv/2.0/opencsv-2.0.jar
2016-01-27 11:32:44,901 [Worker-13] INFO  o.e.m.c.i.e.AbstractTransferListenerAdapter - Downloading http://m2.neo4j.org/content/groups/public/com/googlecode/concurrentlinkedhashmap/concurrentlinkedhashmap-lru/1.3.1/concurrentlinkedhashmap-lru-1.3.1.jar
2016-01-27 11:32:48,331 [Worker-13] INFO  o.e.m.c.i.e.AbstractTransferListenerAdapter - Downloaded http://m2.neo4j.org/content/groups/public/com/googlecode/concurrentlinkedhashmap/concurrentlinkedhashmap-lru/1.3.1/concurrentlinkedhashmap-lru-1.3.1.jar
2016-01-27 11:32:48,805 [Worker-13] INFO  o.e.m.c.i.e.AbstractTransferListenerAdapter - Downloading http://m2.neo4j.org/content/groups/public/org/scala-lang/scala-library/2.10.3/scala-library-2.10.3.jar
2016-01-27 11:41:32,211 [Worker-13] INFO  o.e.m.c.i.e.AbstractTransferListenerAdapter - Downloading http://m2.neo4j.org/content/groups/public/org/scala-lang/scala-library/2.10.3/scala-library-2.10.3.jar
2016-01-27 11:46:35,126 [Worker-37] INFO  o.e.m.i.launch.MavenLaunchDelegate - E:\Neo4j_java\myNeo4j
2016-01-27 11:46:35,127 [Worker-37] INFO  o.e.m.i.launch.MavenLaunchDelegate -  mvn  -B install
2016-01-27 12:22:35,723 [Worker-13] INFO  o.e.m.c.i.e.AbstractTransferListenerAdapter - Downloading http://m2.neo4j.org/content/groups/public/org/scala-lang/scala-library/2.10.3/scala-library-2.10.3.jar
2016-01-27 12:29:38,645 [Worker-13] INFO  o.e.m.c.i.e.AbstractTransferListenerAdapter - Downloading http://m2.neo4j.org/content/groups/public/org/scala-lang/scala-library/2.10.3/scala-library-2.10.3.jar
2016-01-27 12:35:21,881 [Worker-13] INFO  o.e.m.c.i.e.AbstractTransferListenerAdapter - Downloading http://m2.neo4j.org/content/groups/public/org/scala-lang/scala-library/2.10.3/scala-library-2.10.3.jar
2016-01-27 12:51:40,766 [Worker-13] INFO  o.e.m.c.i.e.AbstractTransferListenerAdapter - Downloaded http://m2.neo4j.org/content/groups/public/org/scala-lang/scala-library/2.10.3/scala-library-2.10.3.jar
2016-01-27 12:51:41,211 [Worker-13] INFO  o.e.m.c.i.e.AbstractTransferListenerAdapter - Downloading http://m2.neo4j.org/content/groups/public/org/neo4j/neo4j-jmx/2.0.3/neo4j-jmx-2.0.3.jar
2016-01-27 12:51:42,244 [Worker-13] INFO  o.e.m.c.i.e.AbstractTransferListenerAdapter - Downloaded http://m2.neo4j.org/content/groups/public/org/neo4j/neo4j-jmx/2.0.3/neo4j-jmx-2.0.3.jar
2016-01-27 12:51:42,713 [Worker-13] INFO  o.e.m.c.i.e.AbstractTransferListenerAdapter - Downloading http://m2.neo4j.org/content/groups/public/org/neo4j/neo4j-kernel/2.0.3/neo4j-kernel-2.0.3-tests.jar
2016-01-27 12:51:56,212 [Worker-13] INFO  o.e.m.c.i.e.AbstractTransferListenerAdapter - Downloaded http://m2.neo4j.org/content/groups/public/org/neo4j/neo4j-kernel/2.0.3/neo4j-kernel-2.0.3-tests.jar
2016-01-27 12:51:56,673 [Worker-13] INFO  o.e.m.c.i.e.AbstractTransferListenerAdapter - Downloading http://m2.neo4j.org/content/groups/public/org/apache/geronimo/specs/geronimo-jta_1.1_spec/1.1.1/geronimo-jta_1.1_spec-1.1.1.jar
2016-01-27 12:51:57,148 [Worker-13] INFO  o.e.m.c.i.e.AbstractTransferListenerAdapter - Downloaded http://m2.neo4j.org/content/groups/public/org/apache/geronimo/specs/geronimo-jta_1.1_spec/1.1.1/geronimo-jta_1.1_spec-1.1.1.jar
2016-01-27 12:52:00,585 [Worker-13] INFO  o.e.m.c.i.e.AbstractTransferListenerAdapter - Downloading https://repo.maven.apache.org/maven2/org/neo4j/neo4j-cypher-compiler-2.0/2.0.3/neo4j-cypher-compiler-2.0-2.0.3.jar
2016-01-27 12:56:38,345 [Worker-13] INFO  o.e.m.c.i.e.AbstractTransferListenerAdapter - Downloading https://repo.maven.apache.org/maven2/org/neo4j/neo4j-cypher-compiler-2.0/2.0.3/neo4j-cypher-compiler-2.0-2.0.3.jar
2016-01-27 12:58:54,438 [Worker-13] INFO  o.e.m.c.i.e.AbstractTransferListenerAdapter - Downloaded https://repo.maven.apache.org/maven2/org/neo4j/neo4j-cypher-compiler-2.0/2.0.3/neo4j-cypher-compiler-2.0-2.0.3.jar
2016-01-27 12:58:55,527 [Worker-13] INFO  o.e.m.j.i.AbstractJavaProjectConfigurator - Adding source folder /myNeo4j/src/main/java
2016-01-27 12:58:55,528 [Worker-13] INFO  o.e.m.j.i.AbstractJavaProjectConfigurator - Adding source folder /myNeo4j/src/test/java
2016-01-27 12:58:55,806 [Worker-13] INFO  o.e.m.c.i.p.ProjectConfigurationManager - Imported and configured 1 project(s) in 11262 sec
2016-01-27 12:58:57,362 [Worker-6] INFO  o.e.m.c.i.embedder.EclipseLogger - Using 'UTF-8' encoding to copy filtered resources.
2016-01-27 12:58:57,363 [Worker-6] INFO  o.e.m.c.i.embedder.EclipseLogger - skip non existing resourceDirectory E:\Neo4j_java\myNeo4j\src\main\resources
2016-01-27 12:58:57,367 [Worker-6] INFO  o.e.m.c.i.embedder.EclipseLogger - Using 'UTF-8' encoding to copy filtered resources.
2016-01-27 12:58:57,367 [Worker-6] INFO  o.e.m.c.i.embedder.EclipseLogger - skip non existing resourceDirectory E:\Neo4j_java\myNeo4j\src\test\resources
2016-01-27 12:58:58,754 [Worker-39] INFO  o.e.m.c.i.embedder.EclipseLogger - Using 'UTF-8' encoding to copy filtered resources.
2016-01-27 12:58:58,755 [Worker-39] INFO  o.e.m.c.i.embedder.EclipseLogger - skip non existing resourceDirectory E:\Neo4j_java\myNeo4j\src\main\resources
2016-01-27 12:58:58,755 [Worker-39] INFO  o.e.m.c.i.embedder.EclipseLogger - Using 'UTF-8' encoding to copy filtered resources.
2016-01-27 12:58:58,755 [Worker-39] INFO  o.e.m.c.i.embedder.EclipseLogger - skip non existing resourceDirectory E:\Neo4j_java\myNeo4j\src\test\resources
2016-01-27 14:59:02,768 [Worker-46] INFO  o.e.m.c.i.embedder.EclipseLogger - Using 'UTF-8' encoding to copy filtered resources.
2016-01-27 14:59:02,769 [Worker-46] INFO  o.e.m.c.i.embedder.EclipseLogger - skip non existing resourceDirectory E:\Neo4j_java\myNeo4j\src\main\resources
2016-01-27 14:59:02,770 [Worker-46] INFO  o.e.m.c.i.embedder.EclipseLogger - Using 'UTF-8' encoding to copy filtered resources.
2016-01-27 14:59:02,770 [Worker-46] INFO  o.e.m.c.i.embedder.EclipseLogger - skip non existing resourceDirectory E:\Neo4j_java\myNeo4j\src\test\resources
2016-01-27 14:59:40,291 [Worker-45] INFO  o.e.m.c.i.embedder.EclipseLogger - Using 'UTF-8' encoding to copy filtered resources.
2016-01-27 14:59:40,291 [Worker-45] INFO  o.e.m.c.i.embedder.EclipseLogger - skip non existing resourceDirectory E:\Neo4j_java\myNeo4j\src\main\resources
2016-01-27 14:59:40,292 [Worker-45] INFO  o.e.m.c.i.embedder.EclipseLogger - Using 'UTF-8' encoding to copy filtered resources.
2016-01-27 14:59:40,292 [Worker-45] INFO  o.e.m.c.i.embedder.EclipseLogger - skip non existing resourceDirectory E:\Neo4j_java\myNeo4j\src\test\resources
2016-01-27 14:59:49,590 [Worker-45] INFO  o.e.m.i.launch.MavenLaunchDelegate - E:\Neo4j_java\myNeo4j
2016-01-27 14:59:49,591 [Worker-45] INFO  o.e.m.i.launch.MavenLaunchDelegate -  mvn  -B clean
2016-01-27 14:59:51,969 [Worker-46] INFO  o.e.m.c.i.embedder.EclipseLogger - Using 'UTF-8' encoding to copy filtered resources.
2016-01-27 14:59:51,970 [Worker-46] INFO  o.e.m.c.i.embedder.EclipseLogger - skip non existing resourceDirectory E:\Neo4j_java\myNeo4j\src\main\resources
2016-01-27 14:59:51,970 [Worker-46] INFO  o.e.m.c.i.embedder.EclipseLogger - Using 'UTF-8' encoding to copy filtered resources.
2016-01-27 14:59:51,970 [Worker-46] INFO  o.e.m.c.i.embedder.EclipseLogger - skip non existing resourceDirectory E:\Neo4j_java\myNeo4j\src\test\resources
2016-01-27 14:59:57,309 [Worker-48] INFO  o.e.m.i.launch.MavenLaunchDelegate - E:\Neo4j_java\myNeo4j
2016-01-27 14:59:57,309 [Worker-48] INFO  o.e.m.i.launch.MavenLaunchDelegate -  mvn  -B install
2016-01-27 14:59:59,847 [Worker-47] INFO  o.e.m.c.i.embedder.EclipseLogger - Using 'UTF-8' encoding to copy filtered resources.
2016-01-27 14:59:59,847 [Worker-47] INFO  o.e.m.c.i.embedder.EclipseLogger - skip non existing resourceDirectory E:\Neo4j_java\myNeo4j\src\main\resources
2016-01-27 14:59:59,848 [Worker-47] INFO  o.e.m.c.i.embedder.EclipseLogger - Using 'UTF-8' encoding to copy filtered resources.
2016-01-27 14:59:59,848 [Worker-47] INFO  o.e.m.c.i.embedder.EclipseLogger - skip non existing resourceDirectory E:\Neo4j_java\myNeo4j\src\test\resources
2016-01-27 15:01:52,827 [main] INFO  o.e.m.c.i.l.LifecycleMappingFactory - Using org.eclipse.m2e.jdt.JarLifecycleMapping lifecycle mapping for MavenProject: neo4j:myNeo4j:0.0.1-SNAPSHOT @ E:\Neo4j_java\myNeo4j\pom.xml.
2016-01-27 15:08:32,468 [Worker-45] INFO  o.e.m.c.i.l.LifecycleMappingFactory - Using org.eclipse.m2e.jdt.JarLifecycleMapping lifecycle mapping for MavenProject: neo4j:myNeo4j:0.0.1-SNAPSHOT @ E:\Neo4j_java\myNeo4j\pom.xml.
2016-01-27 15:08:33,786 [Worker-45] INFO  o.e.m.c.i.e.AbstractTransferListenerAdapter - Downloading http://m2.neo4j.org/content/groups/public/org/neo4j/neo4j-kernel/3.0.0-M02/neo4j-kernel-3.0.0-M02.pom
2016-01-27 15:08:34,857 [Worker-45] INFO  o.e.m.c.i.e.AbstractTransferListenerAdapter - Downloaded http://m2.neo4j.org/content/groups/public/org/neo4j/neo4j-kernel/3.0.0-M02/neo4j-kernel-3.0.0-M02.pom
2016-01-27 15:08:35,436 [Worker-45] INFO  o.e.m.c.i.e.AbstractTransferListenerAdapter - Downloading http://m2.neo4j.org/content/groups/public/org/neo4j/parent/3.0.0-M02/parent-3.0.0-M02.pom
2016-01-27 15:08:36,471 [Worker-45] INFO  o.e.m.c.i.e.AbstractTransferListenerAdapter - Downloaded http://m2.neo4j.org/content/groups/public/org/neo4j/parent/3.0.0-M02/parent-3.0.0-M02.pom
2016-01-27 15:08:40,000 [Worker-45] INFO  o.e.m.c.i.e.AbstractTransferListenerAdapter - Downloading http://m2.neo4j.org/content/groups/public/org/neo4j/build/parent-central/42/parent-central-42.pom
2016-01-27 15:08:41,696 [Worker-45] INFO  o.e.m.c.i.e.AbstractTransferListenerAdapter - Downloaded http://m2.neo4j.org/content/groups/public/org/neo4j/build/parent-central/42/parent-central-42.pom
2016-01-27 15:08:41,953 [Worker-45] INFO  o.e.m.c.i.e.AbstractTransferListenerAdapter - Downloading http://m2.neo4j.org/content/groups/public/org/neo4j/build/grandparent/42/grandparent-42.pom
2016-01-27 15:08:42,750 [Worker-45] INFO  o.e.m.c.i.e.AbstractTransferListenerAdapter - Downloaded http://m2.neo4j.org/content/groups/public/org/neo4j/build/grandparent/42/grandparent-42.pom
2016-01-27 15:08:43,465 [Worker-45] INFO  o.e.m.c.i.e.AbstractTransferListenerAdapter - Downloading http://m2.neo4j.org/content/groups/public/org/neo4j/neo4j-primitive-collections/3.0.0-M02/neo4j-primitive-collections-3.0.0-M02.pom
2016-01-27 15:08:44,029 [Worker-45] INFO  o.e.m.c.i.e.AbstractTransferListenerAdapter - Downloaded http://m2.neo4j.org/content/groups/public/org/neo4j/neo4j-primitive-collections/3.0.0-M02/neo4j-primitive-collections-3.0.0-M02.pom
2016-01-27 15:08:44,687 [Worker-45] INFO  o.e.m.c.i.e.AbstractTransferListenerAdapter - Downloading http://m2.neo4j.org/content/groups/public/org/neo4j/neo4j-unsafe/3.0.0-M02/neo4j-unsafe-3.0.0-M02.pom
2016-01-27 15:08:45,191 [Worker-45] INFO  o.e.m.c.i.e.AbstractTransferListenerAdapter - Downloaded http://m2.neo4j.org/content/groups/public/org/neo4j/neo4j-unsafe/3.0.0-M02/neo4j-unsafe-3.0.0-M02.pom
2016-01-27 15:08:45,799 [Worker-45] INFO  o.e.m.c.i.e.AbstractTransferListenerAdapter - Downloading http://m2.neo4j.org/content/groups/public/org/neo4j/neo4j-function/3.0.0-M02/neo4j-function-3.0.0-M02.pom
2016-01-27 15:08:46,298 [Worker-45] INFO  o.e.m.c.i.e.AbstractTransferListenerAdapter - Downloaded http://m2.neo4j.org/content/groups/public/org/neo4j/neo4j-function/3.0.0-M02/neo4j-function-3.0.0-M02.pom
2016-01-27 15:08:48,530 [Worker-45] INFO  o.e.m.c.i.e.AbstractTransferListenerAdapter - Downloading http://m2.neo4j.org/content/groups/public/org/neo4j/neo4j-io/3.0.0-M02/neo4j-io-3.0.0-M02.pom
2016-01-27 15:08:49,047 [Worker-45] INFO  o.e.m.c.i.e.AbstractTransferListenerAdapter - Downloaded http://m2.neo4j.org/content/groups/public/org/neo4j/neo4j-io/3.0.0-M02/neo4j-io-3.0.0-M02.pom
2016-01-27 15:08:50,467 [Worker-45] INFO  o.e.m.c.i.e.AbstractTransferListenerAdapter - Downloading http://m2.neo4j.org/content/groups/public/org/neo4j/neo4j-csv/3.0.0-M02/neo4j-csv-3.0.0-M02.pom
2016-01-27 15:08:50,945 [Worker-45] INFO  o.e.m.c.i.e.AbstractTransferListenerAdapter - Downloaded http://m2.neo4j.org/content/groups/public/org/neo4j/neo4j-csv/3.0.0-M02/neo4j-csv-3.0.0-M02.pom
2016-01-27 15:08:51,523 [Worker-45] INFO  o.e.m.c.i.e.AbstractTransferListenerAdapter - Downloading http://m2.neo4j.org/content/groups/public/org/neo4j/neo4j-logging/3.0.0-M02/neo4j-logging-3.0.0-M02.pom
2016-01-27 15:08:52,159 [Worker-45] INFO  o.e.m.c.i.e.AbstractTransferListenerAdapter - Downloaded http://m2.neo4j.org/content/groups/public/org/neo4j/neo4j-logging/3.0.0-M02/neo4j-logging-3.0.0-M02.pom
2016-01-27 15:08:52,788 [Worker-45] INFO  o.e.m.c.i.e.AbstractTransferListenerAdapter - Downloading http://m2.neo4j.org/content/groups/public/org/neo4j/neo4j-lucene-upgrade/3.0.0-M02/neo4j-lucene-upgrade-3.0.0-M02.pom
2016-01-27 15:08:53,376 [Worker-45] INFO  o.e.m.c.i.e.AbstractTransferListenerAdapter - Downloaded http://m2.neo4j.org/content/groups/public/org/neo4j/neo4j-lucene-upgrade/3.0.0-M02/neo4j-lucene-upgrade-3.0.0-M02.pom
2016-01-27 15:08:53,835 [Worker-45] INFO  o.e.m.c.i.e.AbstractTransferListenerAdapter - Downloading http://m2.neo4j.org/content/groups/public/org/apache/lucene/lucene-core/5.3.1/lucene-core-5.3.1.pom
2016-01-27 15:08:54,289 [Worker-45] INFO  o.e.m.c.i.e.AbstractTransferListenerAdapter - Downloaded http://m2.neo4j.org/content/groups/public/org/apache/lucene/lucene-core/5.3.1/lucene-core-5.3.1.pom
2016-01-27 15:08:54,726 [Worker-45] INFO  o.e.m.c.i.e.AbstractTransferListenerAdapter - Downloading http://m2.neo4j.org/content/groups/public/org/apache/lucene/lucene-parent/5.3.1/lucene-parent-5.3.1.pom
2016-01-27 15:08:55,174 [Worker-45] INFO  o.e.m.c.i.e.AbstractTransferListenerAdapter - Downloaded http://m2.neo4j.org/content/groups/public/org/apache/lucene/lucene-parent/5.3.1/lucene-parent-5.3.1.pom
2016-01-27 15:08:55,623 [Worker-45] INFO  o.e.m.c.i.e.AbstractTransferListenerAdapter - Downloading http://m2.neo4j.org/content/groups/public/org/apache/lucene/lucene-solr-grandparent/5.3.1/lucene-solr-grandparent-5.3.1.pom
2016-01-27 15:09:03,551 [Worker-45] INFO  o.e.m.c.i.e.AbstractTransferListenerAdapter - Downloaded http://m2.neo4j.org/content/groups/public/org/apache/lucene/lucene-solr-grandparent/5.3.1/lucene-solr-grandparent-5.3.1.pom
2016-01-27 15:09:04,008 [Worker-45] INFO  o.e.m.c.i.e.AbstractTransferListenerAdapter - Downloading http://m2.neo4j.org/content/groups/public/org/apache/lucene/lucene-backward-codecs/5.3.1/lucene-backward-codecs-5.3.1.pom
2016-01-27 15:09:04,463 [Worker-45] INFO  o.e.m.c.i.e.AbstractTransferListenerAdapter - Downloaded http://m2.neo4j.org/content/groups/public/org/apache/lucene/lucene-backward-codecs/5.3.1/lucene-backward-codecs-5.3.1.pom
2016-01-27 15:09:05,480 [Worker-45] INFO  o.e.m.c.i.e.AbstractTransferListenerAdapter - Downloading http://m2.neo4j.org/content/groups/public/org/neo4j/neo4j-kernel/3.0.0-M02/neo4j-kernel-3.0.0-M02-tests.jar
2016-01-27 15:14:00,189 [Worker-45] INFO  o.e.m.c.i.e.AbstractTransferListenerAdapter - Downloading http://m2.neo4j.org/content/groups/public/org/neo4j/neo4j-kernel/3.0.0-M02/neo4j-kernel-3.0.0-M02-tests.jar
2016-01-27 15:29:43,001 [Worker-45] INFO  o.e.m.c.i.e.AbstractTransferListenerAdapter - Downloaded http://m2.neo4j.org/content/groups/public/org/neo4j/neo4j-kernel/3.0.0-M02/neo4j-kernel-3.0.0-M02-tests.jar
2016-01-27 15:29:44,005 [Worker-45] INFO  o.e.m.c.i.e.AbstractTransferListenerAdapter - Downloading http://m2.neo4j.org/content/groups/public/org/neo4j/neo4j-primitive-collections/3.0.0-M02/neo4j-primitive-collections-3.0.0-M02.jar
2016-01-27 15:30:49,827 [Worker-45] INFO  o.e.m.c.i.e.AbstractTransferListenerAdapter - Downloaded http://m2.neo4j.org/content/groups/public/org/neo4j/neo4j-primitive-collections/3.0.0-M02/neo4j-primitive-collections-3.0.0-M02.jar
2016-01-27 15:30:50,801 [Worker-45] INFO  o.e.m.c.i.e.AbstractTransferListenerAdapter - Downloading http://m2.neo4j.org/content/groups/public/org/neo4j/neo4j-unsafe/3.0.0-M02/neo4j-unsafe-3.0.0-M02.jar
2016-01-27 15:30:55,695 [Worker-45] INFO  o.e.m.c.i.e.AbstractTransferListenerAdapter - Downloaded http://m2.neo4j.org/content/groups/public/org/neo4j/neo4j-unsafe/3.0.0-M02/neo4j-unsafe-3.0.0-M02.jar
2016-01-27 15:30:56,195 [Worker-45] INFO  o.e.m.c.i.e.AbstractTransferListenerAdapter - Downloading http://m2.neo4j.org/content/groups/public/org/neo4j/neo4j-function/3.0.0-M02/neo4j-function-3.0.0-M02.jar
2016-01-27 15:31:01,912 [Worker-45] INFO  o.e.m.c.i.e.AbstractTransferListenerAdapter - Downloaded http://m2.neo4j.org/content/groups/public/org/neo4j/neo4j-function/3.0.0-M02/neo4j-function-3.0.0-M02.jar
2016-01-27 15:31:02,922 [Worker-45] INFO  o.e.m.c.i.e.AbstractTransferListenerAdapter - Downloading http://m2.neo4j.org/content/groups/public/org/neo4j/neo4j-io/3.0.0-M02/neo4j-io-3.0.0-M02.jar
2016-01-27 15:31:26,282 [Worker-45] INFO  o.e.m.c.i.e.AbstractTransferListenerAdapter - Downloaded http://m2.neo4j.org/content/groups/public/org/neo4j/neo4j-io/3.0.0-M02/neo4j-io-3.0.0-M02.jar
2016-01-27 15:31:28,034 [Worker-45] INFO  o.e.m.c.i.e.AbstractTransferListenerAdapter - Downloading http://m2.neo4j.org/content/groups/public/org/neo4j/neo4j-csv/3.0.0-M02/neo4j-csv-3.0.0-M02.jar
2016-01-27 15:31:34,509 [Worker-45] INFO  o.e.m.c.i.e.AbstractTransferListenerAdapter - Downloaded http://m2.neo4j.org/content/groups/public/org/neo4j/neo4j-csv/3.0.0-M02/neo4j-csv-3.0.0-M02.jar
2016-01-27 15:31:34,986 [Worker-45] INFO  o.e.m.c.i.e.AbstractTransferListenerAdapter - Downloading http://m2.neo4j.org/content/groups/public/org/neo4j/neo4j-logging/3.0.0-M02/neo4j-logging-3.0.0-M02.jar
2016-01-27 15:31:37,813 [Worker-45] INFO  o.e.m.c.i.e.AbstractTransferListenerAdapter - Downloaded http://m2.neo4j.org/content/groups/public/org/neo4j/neo4j-logging/3.0.0-M02/neo4j-logging-3.0.0-M02.jar
2016-01-27 15:31:38,379 [Worker-45] INFO  o.e.m.c.i.e.AbstractTransferListenerAdapter - Downloading http://m2.neo4j.org/content/groups/public/org/neo4j/neo4j-lucene-upgrade/3.0.0-M02/neo4j-lucene-upgrade-3.0.0-M02.jar
2016-01-27 15:32:06,383 [Worker-45] INFO  o.e.m.c.i.e.AbstractTransferListenerAdapter - Downloaded http://m2.neo4j.org/content/groups/public/org/neo4j/neo4j-lucene-upgrade/3.0.0-M02/neo4j-lucene-upgrade-3.0.0-M02.jar
2016-01-27 15:32:06,851 [Worker-45] INFO  o.e.m.c.i.e.AbstractTransferListenerAdapter - Downloading http://m2.neo4j.org/content/groups/public/org/apache/lucene/lucene-backward-codecs/5.3.1/lucene-backward-codecs-5.3.1.jar
2016-01-27 15:32:09,148 [Worker-45] INFO  o.e.m.c.i.e.AbstractTransferListenerAdapter - Downloaded http://m2.neo4j.org/content/groups/public/org/apache/lucene/lucene-backward-codecs/5.3.1/lucene-backward-codecs-5.3.1.jar
2016-01-27 15:32:10,047 [Worker-45] INFO  o.e.m.c.i.embedder.EclipseLogger - Using 'UTF-8' encoding to copy filtered resources.
2016-01-27 15:32:10,047 [Worker-45] INFO  o.e.m.c.i.embedder.EclipseLogger - skip non existing resourceDirectory E:\Neo4j_java\myNeo4j\src\main\resources
2016-01-27 15:32:10,048 [Worker-45] INFO  o.e.m.c.i.embedder.EclipseLogger - Using 'UTF-8' encoding to copy filtered resources.
2016-01-27 15:32:10,048 [Worker-45] INFO  o.e.m.c.i.embedder.EclipseLogger - skip non existing resourceDirectory E:\Neo4j_java\myNeo4j\src\test\resources
2016-01-27 15:32:10,314 [Worker-50] INFO  o.e.m.i.launch.MavenLaunchDelegate - E:\Neo4j_java\myNeo4j
2016-01-27 15:32:10,314 [Worker-50] INFO  o.e.m.i.launch.MavenLaunchDelegate -  mvn  -B clean
2016-01-27 15:32:12,532 [Worker-55] INFO  o.e.m.c.i.embedder.EclipseLogger - Using 'UTF-8' encoding to copy filtered resources.
2016-01-27 15:32:12,532 [Worker-55] INFO  o.e.m.c.i.embedder.EclipseLogger - skip non existing resourceDirectory E:\Neo4j_java\myNeo4j\src\main\resources
2016-01-27 15:32:12,535 [Worker-55] INFO  o.e.m.c.i.embedder.EclipseLogger - Using 'UTF-8' encoding to copy filtered resources.
2016-01-27 15:32:12,536 [Worker-55] INFO  o.e.m.c.i.embedder.EclipseLogger - skip non existing resourceDirectory E:\Neo4j_java\myNeo4j\src\test\resources
2016-01-27 20:40:46,040 [Worker-105] INFO  o.e.m.i.launch.MavenLaunchDelegate - E:\Neo4j_java\myNeo4j
2016-01-27 20:40:46,042 [Worker-105] INFO  o.e.m.i.launch.MavenLaunchDelegate -  mvn  -B install
2016-01-27 20:40:48,663 [Worker-105] INFO  o.e.m.c.i.embedder.EclipseLogger - Using 'UTF-8' encoding to copy filtered resources.
2016-01-27 20:40:48,663 [Worker-105] INFO  o.e.m.c.i.embedder.EclipseLogger - skip non existing resourceDirectory E:\Neo4j_java\myNeo4j\src\main\resources
2016-01-27 20:40:48,664 [Worker-105] INFO  o.e.m.c.i.embedder.EclipseLogger - Using 'UTF-8' encoding to copy filtered resources.
2016-01-27 20:40:48,664 [Worker-105] INFO  o.e.m.c.i.embedder.EclipseLogger - skip non existing resourceDirectory E:\Neo4j_java\myNeo4j\src\test\resources
2016-01-27 20:42:03,876 [Worker-123] INFO  o.e.m.c.i.embedder.EclipseLogger - Using 'UTF-8' encoding to copy filtered resources.
2016-01-27 20:42:03,876 [Worker-123] INFO  o.e.m.c.i.embedder.EclipseLogger - skip non existing resourceDirectory E:\Neo4j_java\myNeo4j\src\main\resources
2016-01-27 20:42:03,877 [Worker-123] INFO  o.e.m.c.i.embedder.EclipseLogger - Using 'UTF-8' encoding to copy filtered resources.
2016-01-27 20:42:03,877 [Worker-123] INFO  o.e.m.c.i.embedder.EclipseLogger - skip non existing resourceDirectory E:\Neo4j_java\myNeo4j\src\test\resources
2016-01-27 20:42:05,251 [Worker-123] INFO  o.e.m.c.i.embedder.EclipseLogger - Using 'UTF-8' encoding to copy filtered resources.
2016-01-27 20:42:05,251 [Worker-123] INFO  o.e.m.c.i.embedder.EclipseLogger - skip non existing resourceDirectory E:\Neo4j_java\myNeo4j\src\main\resources
2016-01-27 20:42:05,251 [Worker-123] INFO  o.e.m.c.i.embedder.EclipseLogger - Using 'UTF-8' encoding to copy filtered resources.
2016-01-27 20:42:05,251 [Worker-123] INFO  o.e.m.c.i.embedder.EclipseLogger - skip non existing resourceDirectory E:\Neo4j_java\myNeo4j\src\test\resources
2016-01-27 20:42:54,869 [Worker-127] INFO  o.e.m.i.launch.MavenLaunchDelegate - E:\Neo4j_java\myNeo4j
2016-01-27 20:42:54,869 [Worker-127] INFO  o.e.m.i.launch.MavenLaunchDelegate -  mvn  -B install
2016-01-27 20:42:59,011 [Worker-131] INFO  o.e.m.c.i.embedder.EclipseLogger - Using 'UTF-8' encoding to copy filtered resources.
2016-01-27 20:42:59,011 [Worker-131] INFO  o.e.m.c.i.embedder.EclipseLogger - skip non existing resourceDirectory E:\Neo4j_java\myNeo4j\src\main\resources
2016-01-27 20:42:59,012 [Worker-131] INFO  o.e.m.c.i.embedder.EclipseLogger - Using 'UTF-8' encoding to copy filtered resources.
2016-01-27 20:42:59,012 [Worker-131] INFO  o.e.m.c.i.embedder.EclipseLogger - skip non existing resourceDirectory E:\Neo4j_java\myNeo4j\src\test\resources
2016-01-27 20:44:50,705 [Worker-123] INFO  o.e.m.c.i.embedder.EclipseLogger - Using 'UTF-8' encoding to copy filtered resources.
2016-01-27 20:44:50,705 [Worker-123] INFO  o.e.m.c.i.embedder.EclipseLogger - skip non existing resourceDirectory E:\Neo4j_java\myNeo4j\src\main\resources
2016-01-27 20:44:50,706 [Worker-123] INFO  o.e.m.c.i.embedder.EclipseLogger - Using 'UTF-8' encoding to copy filtered resources.
2016-01-27 20:44:50,706 [Worker-123] INFO  o.e.m.c.i.embedder.EclipseLogger - skip non existing resourceDirectory E:\Neo4j_java\myNeo4j\src\test\resources
2016-01-27 20:45:36,069 [Worker-130] INFO  o.e.m.c.i.embedder.EclipseLogger - Using 'UTF-8' encoding to copy filtered resources.
2016-01-27 20:45:36,069 [Worker-130] INFO  o.e.m.c.i.embedder.EclipseLogger - skip non existing resourceDirectory E:\Neo4j_java\myNeo4j\src\main\resources
2016-01-27 20:45:36,069 [Worker-130] INFO  o.e.m.c.i.embedder.EclipseLogger - Using 'UTF-8' encoding to copy filtered resources.
2016-01-27 20:45:36,069 [Worker-130] INFO  o.e.m.c.i.embedder.EclipseLogger - skip non existing resourceDirectory E:\Neo4j_java\myNeo4j\src\test\resources
2016-01-27 20:46:59,809 [Worker-127] INFO  o.e.m.c.i.embedder.EclipseLogger - Using 'UTF-8' encoding to copy filtered resources.
2016-01-27 20:46:59,809 [Worker-127] INFO  o.e.m.c.i.embedder.EclipseLogger - skip non existing resourceDirectory E:\Neo4j_java\myNeo4j\src\main\resources
2016-01-27 20:46:59,810 [Worker-127] INFO  o.e.m.c.i.embedder.EclipseLogger - Using 'UTF-8' encoding to copy filtered resources.
2016-01-27 20:46:59,810 [Worker-127] INFO  o.e.m.c.i.embedder.EclipseLogger - skip non existing resourceDirectory E:\Neo4j_java\myNeo4j\src\test\resources
2016-01-27 20:47:25,673 [Worker-133] INFO  o.e.m.c.i.embedder.EclipseLogger - Using 'UTF-8' encoding to copy filtered resources.
2016-01-27 20:47:25,673 [Worker-133] INFO  o.e.m.c.i.embedder.EclipseLogger - skip non existing resourceDirectory E:\Neo4j_java\myNeo4j\src\main\resources
2016-01-27 20:47:25,675 [Worker-133] INFO  o.e.m.c.i.embedder.EclipseLogger - Using 'UTF-8' encoding to copy filtered resources.
2016-01-27 20:47:25,675 [Worker-133] INFO  o.e.m.c.i.embedder.EclipseLogger - skip non existing resourceDirectory E:\Neo4j_java\myNeo4j\src\test\resources
2016-01-27 20:49:29,419 [Worker-127] INFO  o.e.m.c.i.embedder.EclipseLogger - Using 'UTF-8' encoding to copy filtered resources.
2016-01-27 20:49:29,419 [Worker-127] INFO  o.e.m.c.i.embedder.EclipseLogger - skip non existing resourceDirectory E:\Neo4j_java\myNeo4j\src\main\resources
2016-01-27 20:49:29,420 [Worker-127] INFO  o.e.m.c.i.embedder.EclipseLogger - Using 'UTF-8' encoding to copy filtered resources.
2016-01-27 20:49:29,420 [Worker-127] INFO  o.e.m.c.i.embedder.EclipseLogger - skip non existing resourceDirectory E:\Neo4j_java\myNeo4j\src\test\resources
2016-01-27 20:52:04,094 [Worker-127] INFO  o.e.m.c.i.embedder.EclipseLogger - Using 'UTF-8' encoding to copy filtered resources.
2016-01-27 20:52:04,094 [Worker-127] INFO  o.e.m.c.i.embedder.EclipseLogger - skip non existing resourceDirectory E:\Neo4j_java\myNeo4j\src\main\resources
2016-01-27 20:52:04,095 [Worker-127] INFO  o.e.m.c.i.embedder.EclipseLogger - Using 'UTF-8' encoding to copy filtered resources.
2016-01-27 20:52:04,095 [Worker-127] INFO  o.e.m.c.i.embedder.EclipseLogger - skip non existing resourceDirectory E:\Neo4j_java\myNeo4j\src\test\resources
2016-01-27 20:52:12,543 [Worker-127] INFO  o.e.m.c.i.embedder.EclipseLogger - Using 'UTF-8' encoding to copy filtered resources.
2016-01-27 20:52:12,543 [Worker-127] INFO  o.e.m.c.i.embedder.EclipseLogger - skip non existing resourceDirectory E:\Neo4j_java\myNeo4j\src\main\resources
2016-01-27 20:52:12,544 [Worker-127] INFO  o.e.m.c.i.embedder.EclipseLogger - Using 'UTF-8' encoding to copy filtered resources.
2016-01-27 20:52:12,544 [Worker-127] INFO  o.e.m.c.i.embedder.EclipseLogger - skip non existing resourceDirectory E:\Neo4j_java\myNeo4j\src\test\resources
2016-01-27 20:53:48,654 [Worker-137] INFO  o.e.m.c.i.embedder.EclipseLogger - Using 'UTF-8' encoding to copy filtered resources.
2016-01-27 20:53:48,655 [Worker-137] INFO  o.e.m.c.i.embedder.EclipseLogger - skip non existing resourceDirectory E:\Neo4j_java\myNeo4j\src\main\resources
2016-01-27 20:53:48,656 [Worker-137] INFO  o.e.m.c.i.embedder.EclipseLogger - Using 'UTF-8' encoding to copy filtered resources.
2016-01-27 20:53:48,656 [Worker-137] INFO  o.e.m.c.i.embedder.EclipseLogger - skip non existing resourceDirectory E:\Neo4j_java\myNeo4j\src\test\resources
